1006, indices: 364
1002, indices: 3
1001, indices: 227
1002, indices: 228
1006, indices: 589
1009, indices: 828
1009_1010, indices: 863
1010, indices: 886
1011_1012, indices: 894
1013, indices: 989
1013_1014, indices: 1118
1015, indices: 1125
1018, indices: 1411
1021, indices: 1673
1022, indices: 1812
1023, indices: 2000
1025, indices: 2073
1027, indices: 2212
1029, indices: 2356
1031, indices: 2464
1031_1017, indices: 2685
1038, indices: 2912
1040, indices: 3172
1041, indices: 3263
1043_1044, indices: 3381
1045, indices: 3593
1053, indices: 3634
1055_1056, indices: 3697
1056, indices: 3857
1057, indices: 3978
1059, indices: 4078
1063, indices: 4196
1064, indices: 4319
1067, indices: 4409
1069, indices: 4498
1070, indices: 4561
1074, indices: 4633
1074_1075, indices: 4647
1076, indices: 4687
1077, indices: 4764
1079, indices: 4874
1083, indices: 4922
1084, indices: 4941
1086, indices: 5100
1087, indices: 5191
1089, indices: 5244
1097, indices: 5345
1099_1100, indices: 5431
1101, indices: 5492
1103, indices: 5559
1115, indices: 5712
1116, indices: 5741
1127, indices: 5803
2002, indices: 5853
2037, indices: 6067
2042, indices: 6352
2047, indices: 6452
2050, indices: 6642
2065, indices: 6667
1001, indices: 227
1002, indices: 228
1006, indices: 589
1009, indices: 828
1009_1010, indices: 863
1010, indices: 886
1011_1012, indices: 894
1013, indices: 989
1013_1014, indices: 1211
1015, indices: 1218
1018, indices: 1504
1021, indices: 1766
1022, indices: 1909
1023, indices: 2097
1025, indices: 2170
1027, indices: 2309
1029, indices: 2453
1031, indices: 2561
1031_1017, indices: 2782
1038, indices: 3041
1041, indices: 3132
1043_1044, indices: 3291
1045, indices: 3567
1053, indices: 3648
1055_1056, indices: 3711
1056, indices: 3888
1057, indices: 4009
1059, indices: 4165
1063, indices: 4283
1064, indices: 4406
1067, indices: 4496
1069, indices: 4585
1070, indices: 4667
1070_1071, indices: 4734
1073, indices: 4922
1074, indices: 5045
1074_1075, indices: 5059
1075, indices: 5060
1076, indices: 5100
1077, indices: 5282
1079, indices: 5392
1083, indices: 5440
1084, indices: 5459
1086, indices: 5618
1087, indices: 5800
1089, indices: 5853
1093, indices: 5855
1097, indices: 5974
1099_1100, indices: 6060
1101, indices: 6121
1103, indices: 6188
1112_1113, indices: 6325
1115, indices: 6553
1116, indices: 6582
1119, indices: 6626
1120, indices: 6791
1123, indices: 6813
1127, indices: 6875
1129, indices: 6966
1149, indices: 6980
2002, indices: 7030
2037, indices: 7244
2042, indices: 7623
2047, indices: 7764
2050, indices: 8024
2051, indices: 8377
2065, indices: 8404
2096, indices: 8439
1001, indices: 8439
1002, indices: 8439
1006, indices: 8439
1009, indices: 8439
1009_1010, indices: 8439
1011_1012, indices: 8439
1013, indices: 8439
1015, indices: 8439
1018, indices: 8439
1021, indices: 8496
1022, indices: 8496
1023, indices: 8496
1025, indices: 8496
1027, indices: 8496
1029, indices: 8496
1031, indices: 8496
1031_1017, indices: 8496
1038, indices: 8496
1041, indices: 8496
1043_1044, indices: 8496
1045, indices: 8583
1053, indices: 8583
1055_1056, indices: 8583
1056, indices: 8583
1057, indices: 8583
1059, indices: 8703
1063, indices: 8731
1064, indices: 8731
1067, indices: 8731
1069, indices: 8731
1070, indices: 8731
1070_1071, indices: 8731
1073, indices: 8731
1074, indices: 8731
1074_1075, indices: 8731
1075, indices: 8731
1076, indices: 8731
1077, indices: 8779
1079, indices: 8820
1083, indices: 8911
1084, indices: 8911
1086, indices: 8994
1087, indices: 9102
1089, indices: 9102
1093, indices: 9102
1097, indices: 9168
1099_1100, indices: 9168
1101, indices: 9168
1103, indices: 9268
1112_1113, indices: 9406
1115, indices: 9406
1116, indices: 9406
1119, indices: 9406
1120, indices: 9406
1123, indices: 9458
1125, indices: 9491
1127, indices: 9534
1129, indices: 9617
1130, indices: 9658
1134_1135, indices: 9659
1139, indices: 9745
1149, indices: 9745
1150, indices: 9804
1153, indices: 9856
2002, indices: 9944
2037, indices: 9944
2042, indices: 9974
2047, indices: 10012
2050, indices: 10012
2051, indices: 10102
2065, indices: 10102
2096, indices: 10206
2143, indices: 10251
2144, indices: 10285
1002, indices: 3
1001, indices: 227
1002, indices: 228
1006, indices: 589
1009, indices: 828
1009_1010, indices: 863
1011_1012, indices: 871
1013, indices: 966
1015, indices: 973
1018, indices: 1259
1021, indices: 1578
1022, indices: 1721
1023, indices: 1909
1025, indices: 1982
1027, indices: 2121
1029, indices: 2265
1031, indices: 2373
1031_1017, indices: 2594
1038, indices: 2853
1041, indices: 2944
1043_1044, indices: 3103
1045, indices: 3466
1053, indices: 3547
1055_1056, indices: 3610
1056, indices: 3787
1057, indices: 3908
1059, indices: 4184
1063, indices: 4330
1064, indices: 4453
1067, indices: 4543
1069, indices: 4632
1070, indices: 4714
1070_1071, indices: 4781
1073, indices: 4969
1074, indices: 5092
1074_1075, indices: 5106
1075, indices: 5107
1076, indices: 5147
1077, indices: 5377
1079, indices: 5528
1083, indices: 5667
1084, indices: 5686
1086, indices: 5928
1087, indices: 6218
1089, indices: 6271
1093, indices: 6273
1097, indices: 6458
1099_1100, indices: 6544
1101, indices: 6605
1103, indices: 6772
1112_1113, indices: 7047
1115, indices: 7275
1116, indices: 7304
1119, indices: 7348
1120, indices: 7513
1123, indices: 7587
1125, indices: 7620
1127, indices: 7725
1129, indices: 7899
1130, indices: 7940
1134_1135, indices: 7941
1139, indices: 8027
1149, indices: 8041
1150, indices: 8100
1153, indices: 8152
2002, indices: 8290
2037, indices: 8504
2042, indices: 8913
2047, indices: 9092
2050, indices: 9352
2051, indices: 9795
2065, indices: 9822
2096, indices: 9961
2143, indices: 10006
2144, indices: 10040
